<?xml version="1.0" encoding="UTF-8"?>
<!-- Generated by org.testng.reporters.JUnitXMLReporter -->
<testsuite hostname="ncherkasov" name="Default test" tests="3" failures="0" timestamp="11 Sep 2015 14:58:20 GMT" time="22.128" errors="0">
  <testcase name="registerAsRegularUserVerifyThatUserCanSeeApplicationsButCannotUploadThem" time="1.915" classname="selenium_cherkasov.test.RegistrationTest"/>
  <testcase name="registerNewUserAndVerifyThatItIsLoggedIn" time="1.339" classname="selenium_cherkasov.test.RegistrationTest"/>
  <testcase name="registerNewUserLogoutAndVerifyThatUserCanLogin" time="2.049" classname="selenium_cherkasov.test.RegistrationTest"/>
</testsuite> <!-- Default test -->
